{"/Users/grantbelcher/Desktop/FEC/reviews-server/client/src/components/ListHeader.jsx": {"path":"/Users/grantbelcher/Desktop/FEC/reviews-server/client/src/components/ListHeader.jsx","statementMap":{"0":{"start":{"line":9,"column":4},"end":{"line":9,"column":17}},"1":{"start":{"line":10,"column":4},"end":{"line":12,"column":6}},"2":{"start":{"line":13,"column":4},"end":{"line":13,"column":53}},"3":{"start":{"line":14,"column":4},"end":{"line":14,"column":53}},"4":{"start":{"line":18,"column":4},"end":{"line":20,"column":7}},"5":{"start":{"line":24,"column":4},"end":{"line":24,"column":46}},"6":{"start":{"line":25,"column":4},"end":{"line":25,"column":27}},"7":{"start":{"line":29,"column":4},"end":{"line":38,"column":6}}},"fnMap":{"0":{"name":"(anonymous_0)","decl":{"start":{"line":8,"column":2},"end":{"line":8,"column":3}},"loc":{"start":{"line":8,"column":21},"end":{"line":15,"column":3}},"line":8},"1":{"name":"(anonymous_1)","decl":{"start":{"line":17,"column":2},"end":{"line":17,"column":3}},"loc":{"start":{"line":17,"column":22},"end":{"line":21,"column":3}},"line":17},"2":{"name":"(anonymous_2)","decl":{"start":{"line":23,"column":2},"end":{"line":23,"column":3}},"loc":{"start":{"line":23,"column":22},"end":{"line":26,"column":3}},"line":23},"3":{"name":"(anonymous_3)","decl":{"start":{"line":28,"column":2},"end":{"line":28,"column":3}},"loc":{"start":{"line":28,"column":11},"end":{"line":39,"column":3}},"line":28}},"branchMap":{},"s":{"0":3,"1":3,"2":3,"3":3,"4":1,"5":1,"6":1,"7":4},"f":{"0":3,"1":1,"2":1,"3":4},"b":{},"_coverageSchema":"1a1c01bbd47fc00a2c39e90264f33305004495a9","hash":"df4e0e2f073ee244fe644b1fda7aa3e51c32500c"}
,"/Users/grantbelcher/Desktop/FEC/reviews-server/client/src/components/Sort.jsx": {"path":"/Users/grantbelcher/Desktop/FEC/reviews-server/client/src/components/Sort.jsx","statementMap":{"0":{"start":{"line":8,"column":4},"end":{"line":8,"column":17}},"1":{"start":{"line":9,"column":4},"end":{"line":12,"column":6}},"2":{"start":{"line":13,"column":4},"end":{"line":13,"column":47}},"3":{"start":{"line":17,"column":18},"end":{"line":17,"column":33}},"4":{"start":{"line":18,"column":4},"end":{"line":18,"column":35}},"5":{"start":{"line":19,"column":4},"end":{"line":29,"column":5}},"6":{"start":{"line":20,"column":6},"end":{"line":23,"column":9}},"7":{"start":{"line":25,"column":6},"end":{"line":28,"column":9}},"8":{"start":{"line":33,"column":4},"end":{"line":53,"column":5}},"9":{"start":{"line":34,"column":6},"end":{"line":52,"column":8}},"10":{"start":{"line":54,"column":4},"end":{"line":64,"column":6}}},"fnMap":{"0":{"name":"(anonymous_0)","decl":{"start":{"line":7,"column":2},"end":{"line":7,"column":3}},"loc":{"start":{"line":7,"column":21},"end":{"line":14,"column":3}},"line":7},"1":{"name":"(anonymous_1)","decl":{"start":{"line":16,"column":2},"end":{"line":16,"column":3}},"loc":{"start":{"line":16,"column":19},"end":{"line":30,"column":3}},"line":16},"2":{"name":"(anonymous_2)","decl":{"start":{"line":32,"column":2},"end":{"line":32,"column":3}},"loc":{"start":{"line":32,"column":11},"end":{"line":65,"column":3}},"line":32}},"branchMap":{"0":{"loc":{"start":{"line":19,"column":4},"end":{"line":29,"column":5}},"type":"if","locations":[{"start":{"line":19,"column":4},"end":{"line":29,"column":5}},{"start":{"line":19,"column":4},"end":{"line":29,"column":5}}],"line":19},"1":{"loc":{"start":{"line":33,"column":4},"end":{"line":53,"column":5}},"type":"if","locations":[{"start":{"line":33,"column":4},"end":{"line":53,"column":5}},{"start":{"line":33,"column":4},"end":{"line":53,"column":5}}],"line":33}},"s":{"0":0,"1":0,"2":0,"3":0,"4":0,"5":0,"6":0,"7":0,"8":0,"9":0,"10":0},"f":{"0":0,"1":0,"2":0},"b":{"0":[0,0],"1":[0,0]},"_coverageSchema":"1a1c01bbd47fc00a2c39e90264f33305004495a9","hash":"3ef3de3386d5dca030be179780ca1c1aecb78480"}
,"/Users/grantbelcher/Desktop/FEC/reviews-server/client/src/components/Review/Review.jsx": {"path":"/Users/grantbelcher/Desktop/FEC/reviews-server/client/src/components/Review/Review.jsx","statementMap":{"0":{"start":{"line":8,"column":18},"end":{"line":13,"column":1}},"1":{"start":{"line":14,"column":15},"end":{"line":46,"column":1}},"2":{"start":{"line":15,"column":13},"end":{"line":15,"column":30}},"3":{"start":{"line":16,"column":2},"end":{"line":16,"column":24}},"4":{"start":{"line":17,"column":15},"end":{"line":17,"column":52}},"5":{"start":{"line":19,"column":2},"end":{"line":23,"column":3}},"6":{"start":{"line":20,"column":4},"end":{"line":20,"column":20}},"7":{"start":{"line":22,"column":4},"end":{"line":22,"column":30}},"8":{"start":{"line":24,"column":14},"end":{"line":24,"column":31}},"9":{"start":{"line":25,"column":24},"end":{"line":25,"column":52}},"10":{"start":{"line":27,"column":2},"end":{"line":45,"column":4}}},"fnMap":{"0":{"name":"(anonymous_0)","decl":{"start":{"line":14,"column":15},"end":{"line":14,"column":16}},"loc":{"start":{"line":14,"column":31},"end":{"line":46,"column":1}},"line":14}},"branchMap":{"0":{"loc":{"start":{"line":19,"column":2},"end":{"line":23,"column":3}},"type":"if","locations":[{"start":{"line":19,"column":2},"end":{"line":23,"column":3}},{"start":{"line":19,"column":2},"end":{"line":23,"column":3}}],"line":19}},"s":{"0":1,"1":1,"2":4,"3":4,"4":4,"5":4,"6":3,"7":1,"8":4,"9":4,"10":4},"f":{"0":4},"b":{"0":[3,1]},"_coverageSchema":"1a1c01bbd47fc00a2c39e90264f33305004495a9","hash":"36df2f3767ac90f538a901c353d6ec6f2c58eaac"}
,"/Users/grantbelcher/Desktop/FEC/reviews-server/client/src/components/Review/CheckIn/CheckIn.jsx": {"path":"/Users/grantbelcher/Desktop/FEC/reviews-server/client/src/components/Review/CheckIn/CheckIn.jsx","statementMap":{"0":{"start":{"line":6,"column":16},"end":{"line":26,"column":1}},"1":{"start":{"line":8,"column":2},"end":{"line":14,"column":3}},"2":{"start":{"line":9,"column":4},"end":{"line":9,"column":29}},"3":{"start":{"line":10,"column":9},"end":{"line":14,"column":3}},"4":{"start":{"line":11,"column":4},"end":{"line":11,"column":18}},"5":{"start":{"line":13,"column":4},"end":{"line":13,"column":48}},"6":{"start":{"line":15,"column":2},"end":{"line":19,"column":3}},"7":{"start":{"line":16,"column":4},"end":{"line":18,"column":6}},"8":{"start":{"line":20,"column":2},"end":{"line":25,"column":4}}},"fnMap":{"0":{"name":"(anonymous_0)","decl":{"start":{"line":6,"column":16},"end":{"line":6,"column":17}},"loc":{"start":{"line":6,"column":32},"end":{"line":26,"column":1}},"line":6}},"branchMap":{"0":{"loc":{"start":{"line":8,"column":2},"end":{"line":14,"column":3}},"type":"if","locations":[{"start":{"line":8,"column":2},"end":{"line":14,"column":3}},{"start":{"line":8,"column":2},"end":{"line":14,"column":3}}],"line":8},"1":{"loc":{"start":{"line":10,"column":9},"end":{"line":14,"column":3}},"type":"if","locations":[{"start":{"line":10,"column":9},"end":{"line":14,"column":3}},{"start":{"line":10,"column":9},"end":{"line":14,"column":3}}],"line":10},"2":{"loc":{"start":{"line":15,"column":2},"end":{"line":19,"column":3}},"type":"if","locations":[{"start":{"line":15,"column":2},"end":{"line":19,"column":3}},{"start":{"line":15,"column":2},"end":{"line":19,"column":3}}],"line":15},"3":{"loc":{"start":{"line":15,"column":6},"end":{"line":15,"column":57}},"type":"binary-expr","locations":[{"start":{"line":15,"column":6},"end":{"line":15,"column":28}},{"start":{"line":15,"column":32},"end":{"line":15,"column":57}}],"line":15}},"s":{"0":2,"1":5,"2":1,"3":4,"4":2,"5":2,"6":5,"7":2,"8":3},"f":{"0":5},"b":{"0":[1,4],"1":[2,2],"2":[2,3],"3":[5,3]},"_coverageSchema":"1a1c01bbd47fc00a2c39e90264f33305004495a9","hash":"0597ed166f469749f55afb9e5378dd26d7889102"}
,"/Users/grantbelcher/Desktop/FEC/reviews-server/client/src/components/Review/RatingBar/RatingBar.jsx": {"path":"/Users/grantbelcher/Desktop/FEC/reviews-server/client/src/components/Review/RatingBar/RatingBar.jsx","statementMap":{"0":{"start":{"line":6,"column":18},"end":{"line":45,"column":1}},"1":{"start":{"line":7,"column":17},"end":{"line":7,"column":29}},"2":{"start":{"line":9,"column":2},"end":{"line":19,"column":3}},"3":{"start":{"line":10,"column":4},"end":{"line":10,"column":28}},"4":{"start":{"line":11,"column":9},"end":{"line":19,"column":3}},"5":{"start":{"line":12,"column":4},"end":{"line":12,"column":29}},"6":{"start":{"line":13,"column":9},"end":{"line":19,"column":3}},"7":{"start":{"line":14,"column":4},"end":{"line":14,"column":31}},"8":{"start":{"line":15,"column":9},"end":{"line":19,"column":3}},"9":{"start":{"line":16,"column":4},"end":{"line":16,"column":30}},"10":{"start":{"line":17,"column":9},"end":{"line":19,"column":3}},"11":{"start":{"line":18,"column":4},"end":{"line":18,"column":30}},"12":{"start":{"line":20,"column":21},"end":{"line":20,"column":23}},"13":{"start":{"line":23,"column":2},"end":{"line":39,"column":3}},"14":{"start":{"line":24,"column":4},"end":{"line":38,"column":5}},"15":{"start":{"line":25,"column":6},"end":{"line":25,"column":53}},"16":{"start":{"line":26,"column":6},"end":{"line":30,"column":8}},"17":{"start":{"line":32,"column":6},"end":{"line":32,"column":33}},"18":{"start":{"line":33,"column":6},"end":{"line":37,"column":8}},"19":{"start":{"line":40,"column":2},"end":{"line":44,"column":4}}},"fnMap":{"0":{"name":"(anonymous_0)","decl":{"start":{"line":6,"column":18},"end":{"line":6,"column":19}},"loc":{"start":{"line":6,"column":29},"end":{"line":45,"column":1}},"line":6}},"branchMap":{"0":{"loc":{"start":{"line":9,"column":2},"end":{"line":19,"column":3}},"type":"if","locations":[{"start":{"line":9,"column":2},"end":{"line":19,"column":3}},{"start":{"line":9,"column":2},"end":{"line":19,"column":3}}],"line":9},"1":{"loc":{"start":{"line":11,"column":9},"end":{"line":19,"column":3}},"type":"if","locations":[{"start":{"line":11,"column":9},"end":{"line":19,"column":3}},{"start":{"line":11,"column":9},"end":{"line":19,"column":3}}],"line":11},"2":{"loc":{"start":{"line":13,"column":9},"end":{"line":19,"column":3}},"type":"if","locations":[{"start":{"line":13,"column":9},"end":{"line":19,"column":3}},{"start":{"line":13,"column":9},"end":{"line":19,"column":3}}],"line":13},"3":{"loc":{"start":{"line":15,"column":9},"end":{"line":19,"column":3}},"type":"if","locations":[{"start":{"line":15,"column":9},"end":{"line":19,"column":3}},{"start":{"line":15,"column":9},"end":{"line":19,"column":3}}],"line":15},"4":{"loc":{"start":{"line":17,"column":9},"end":{"line":19,"column":3}},"type":"if","locations":[{"start":{"line":17,"column":9},"end":{"line":19,"column":3}},{"start":{"line":17,"column":9},"end":{"line":19,"column":3}}],"line":17},"5":{"loc":{"start":{"line":24,"column":4},"end":{"line":38,"column":5}},"type":"if","locations":[{"start":{"line":24,"column":4},"end":{"line":38,"column":5}},{"start":{"line":24,"column":4},"end":{"line":38,"column":5}}],"line":24}},"s":{"0":2,"1":1,"2":1,"3":0,"4":1,"5":0,"6":1,"7":1,"8":0,"9":0,"10":0,"11":0,"12":1,"13":1,"14":5,"15":3,"16":3,"17":2,"18":2,"19":1},"f":{"0":1},"b":{"0":[0,1],"1":[0,1],"2":[1,0],"3":[0,0],"4":[0,0],"5":[3,2]},"_coverageSchema":"1a1c01bbd47fc00a2c39e90264f33305004495a9","hash":"0ed146217cc8b7faace3ab6dc117375d73fb170d"}
,"/Users/grantbelcher/Desktop/FEC/reviews-server/client/src/components/Review/User/User.jsx": {"path":"/Users/grantbelcher/Desktop/FEC/reviews-server/client/src/components/Review/User/User.jsx","statementMap":{"0":{"start":{"line":5,"column":17},"end":{"line":8,"column":3}},"1":{"start":{"line":11,"column":13},"end":{"line":45,"column":1}},"2":{"start":{"line":12,"column":2},"end":{"line":44,"column":3}}},"fnMap":{"0":{"name":"(anonymous_0)","decl":{"start":{"line":11,"column":13},"end":{"line":11,"column":14}},"loc":{"start":{"line":11,"column":29},"end":{"line":45,"column":1}},"line":11}},"branchMap":{},"s":{"0":2,"1":2,"2":2},"f":{"0":2},"b":{},"_coverageSchema":"1a1c01bbd47fc00a2c39e90264f33305004495a9","hash":"9bba8b37f14946c12e7492ae021acaf433367bf1"}
,"/Users/grantbelcher/Desktop/FEC/reviews-server/client/src/components/Review/VoteButtons/VoteButtons.jsx": {"path":"/Users/grantbelcher/Desktop/FEC/reviews-server/client/src/components/Review/VoteButtons/VoteButtons.jsx","statementMap":{"0":{"start":{"line":6,"column":20},"end":{"line":41,"column":1}},"1":{"start":{"line":10,"column":2},"end":{"line":14,"column":3}},"2":{"start":{"line":11,"column":4},"end":{"line":11,"column":20}},"3":{"start":{"line":13,"column":4},"end":{"line":13,"column":35}},"4":{"start":{"line":15,"column":2},"end":{"line":19,"column":3}},"5":{"start":{"line":16,"column":4},"end":{"line":16,"column":19}},"6":{"start":{"line":18,"column":4},"end":{"line":18,"column":33}},"7":{"start":{"line":20,"column":2},"end":{"line":24,"column":3}},"8":{"start":{"line":21,"column":4},"end":{"line":21,"column":21}},"9":{"start":{"line":23,"column":4},"end":{"line":23,"column":37}},"10":{"start":{"line":25,"column":2},"end":{"line":40,"column":4}}},"fnMap":{"0":{"name":"(anonymous_0)","decl":{"start":{"line":6,"column":20},"end":{"line":6,"column":21}},"loc":{"start":{"line":6,"column":36},"end":{"line":41,"column":1}},"line":6}},"branchMap":{"0":{"loc":{"start":{"line":10,"column":2},"end":{"line":14,"column":3}},"type":"if","locations":[{"start":{"line":10,"column":2},"end":{"line":14,"column":3}},{"start":{"line":10,"column":2},"end":{"line":14,"column":3}}],"line":10},"1":{"loc":{"start":{"line":15,"column":2},"end":{"line":19,"column":3}},"type":"if","locations":[{"start":{"line":15,"column":2},"end":{"line":19,"column":3}},{"start":{"line":15,"column":2},"end":{"line":19,"column":3}}],"line":15},"2":{"loc":{"start":{"line":20,"column":2},"end":{"line":24,"column":3}},"type":"if","locations":[{"start":{"line":20,"column":2},"end":{"line":24,"column":3}},{"start":{"line":20,"column":2},"end":{"line":24,"column":3}}],"line":20}},"s":{"0":2,"1":1,"2":0,"3":1,"4":1,"5":1,"6":0,"7":1,"8":0,"9":1,"10":1},"f":{"0":1},"b":{"0":[0,1],"1":[1,0],"2":[0,1]},"_coverageSchema":"1a1c01bbd47fc00a2c39e90264f33305004495a9","hash":"413caa690a8f8fd767bf814c35fd42a54b88600f"}
}
