TN:
SF:client/src/components/ListHeader.jsx
FN:8,(anonymous_0)
FN:17,(anonymous_1)
FN:23,(anonymous_2)
FN:28,(anonymous_3)
FNF:4
FNH:4
FNDA:3,(anonymous_0)
FNDA:1,(anonymous_1)
FNDA:1,(anonymous_2)
FNDA:4,(anonymous_3)
DA:9,3
DA:10,3
DA:13,3
DA:14,3
DA:18,1
DA:24,1
DA:25,1
DA:29,4
LF:8
LH:8
BRF:0
BRH:0
end_of_record
TN:
SF:client/src/components/Pagination.jsx
FN:6,(anonymous_0)
FN:11,(anonymous_1)
FNF:2
FNH:2
FNDA:3,(anonymous_0)
FNDA:5,(anonymous_1)
DA:7,3
DA:8,3
DA:12,5
DA:13,5
DA:14,5
DA:16,5
DA:17,7
DA:20,5
LF:8
LH:8
BRF:0
BRH:0
end_of_record
TN:
SF:client/src/components/Sort.jsx
FN:7,(anonymous_0)
FN:16,(anonymous_1)
FN:32,(anonymous_2)
FNF:3
FNH:2
FNDA:1,(anonymous_0)
FNDA:0,(anonymous_1)
FNDA:1,(anonymous_2)
DA:8,1
DA:9,1
DA:13,1
DA:17,0
DA:18,0
DA:19,0
DA:20,0
DA:25,0
DA:33,1
DA:34,0
DA:54,1
LF:11
LH:5
BRDA:19,0,0,0
BRDA:19,0,1,0
BRDA:33,1,0,0
BRDA:33,1,1,1
BRF:4
BRH:1
end_of_record
TN:
SF:client/src/components/Review/Review.jsx
FN:14,(anonymous_0)
FNF:1
FNH:1
FNDA:4,(anonymous_0)
DA:8,1
DA:14,1
DA:15,4
DA:16,4
DA:17,4
DA:19,4
DA:20,3
DA:22,1
DA:24,4
DA:25,4
DA:27,4
LF:11
LH:11
BRDA:19,0,0,3
BRDA:19,0,1,1
BRF:2
BRH:2
end_of_record
TN:
SF:client/src/components/Review/CheckIn/CheckIn.jsx
FN:6,(anonymous_0)
FNF:1
FNH:1
FNDA:5,(anonymous_0)
DA:6,2
DA:8,5
DA:9,1
DA:10,4
DA:11,2
DA:13,2
DA:15,5
DA:16,2
DA:20,3
LF:9
LH:9
BRDA:8,0,0,1
BRDA:8,0,1,4
BRDA:10,1,0,2
BRDA:10,1,1,2
BRDA:15,2,0,2
BRDA:15,2,1,3
BRDA:15,3,0,5
BRDA:15,3,1,3
BRF:8
BRH:8
end_of_record
TN:
SF:client/src/components/Review/RatingBar/RatingBar.jsx
FN:6,(anonymous_0)
FNF:1
FNH:1
FNDA:1,(anonymous_0)
DA:6,2
DA:7,1
DA:9,1
DA:10,0
DA:11,1
DA:12,0
DA:13,1
DA:14,1
DA:15,0
DA:16,0
DA:17,0
DA:18,0
DA:20,1
DA:23,1
DA:24,5
DA:25,3
DA:26,3
DA:32,2
DA:33,2
DA:40,1
LF:20
LH:14
BRDA:9,0,0,0
BRDA:9,0,1,1
BRDA:11,1,0,0
BRDA:11,1,1,1
BRDA:13,2,0,1
BRDA:13,2,1,0
BRDA:15,3,0,0
BRDA:15,3,1,0
BRDA:17,4,0,0
BRDA:17,4,1,0
BRDA:24,5,0,3
BRDA:24,5,1,2
BRF:12
BRH:5
end_of_record
TN:
SF:client/src/components/Review/User/User.jsx
FN:11,(anonymous_0)
FNF:1
FNH:1
FNDA:2,(anonymous_0)
DA:5,2
DA:11,2
DA:12,2
LF:3
LH:3
BRF:0
BRH:0
end_of_record
TN:
SF:client/src/components/Review/VoteButtons/VoteButtons.jsx
FN:6,(anonymous_0)
FNF:1
FNH:1
FNDA:1,(anonymous_0)
DA:6,2
DA:10,1
DA:11,0
DA:13,1
DA:15,1
DA:16,1
DA:18,0
DA:20,1
DA:21,0
DA:23,1
DA:25,1
LF:11
LH:8
BRDA:10,0,0,0
BRDA:10,0,1,1
BRDA:15,1,0,1
BRDA:15,1,1,0
BRDA:20,2,0,0
BRDA:20,2,1,1
BRF:6
BRH:3
end_of_record
